<?xml version="1.0" encoding="UTF-8"?>
<!-- Generated by org.testng.reporters.JUnitXMLReporter -->
<testsuite hostname="ADMIN-PC" ignored="0" name="New Customer" tests="1" failures="1" timestamp="2020-12-11T23:23:29 IST" time="3.431" errors="0">
  <testcase name="deleteEmployee" time="0.05" classname="com.crm.qa.Testcase.EmployeeListTest">
    <failure type="java.lang.NullPointerException">
      <![CDATA[java.lang.NullPointerException
at org.openqa.selenium.support.pagefactory.DefaultElementLocator.findElement(DefaultElementLocator.java:69)
at org.openqa.selenium.support.pagefactory.AjaxElementLocator.access$001(AjaxElementLocator.java:41)
at org.openqa.selenium.support.pagefactory.AjaxElementLocator$SlowLoadingElement.isLoaded(AjaxElementLocator.java:157)
at org.openqa.selenium.support.ui.SlowLoadableComponent.get(SlowLoadableComponent.java:49)
at org.openqa.selenium.support.pagefactory.AjaxElementLocator.findElement(AjaxElementLocator.java:87)
at org.openqa.selenium.support.pagefactory.internal.LocatingElementHandler.invoke(LocatingElementHandler.java:38)
at com.sun.proxy.$Proxy7.clear(Unknown Source)
at com.crm.qa.Base.BasePage.InsertText(BasePage.java:194)
at com.crm.qa.actions.EmployeeListPage.deleteEmployee(EmployeeListPage.java:25)
at com.crm.qa.Testcase.EmployeeListTest.deleteEmployee(EmployeeListTest.java:26)
at java.util.ArrayList.forEach(ArrayList.java:1249)
... Removed 27 stack frames]]>
    </failure>
  </testcase> <!-- deleteEmployee -->
</testsuite> <!-- New Customer -->
